{"/Users/kristofferpetersen/projects/exam-monorepo/server/src/createApolloServer.ts": {"path":"/Users/kristofferpetersen/projects/exam-monorepo/server/src/createApolloServer.ts","statementMap":{"0":{"start":{"line":1,"column":0},"end":{"line":1,"column":26}},"1":{"start":{"line":2,"column":0},"end":{"line":2,"column":53}},"2":{"start":{"line":3,"column":0},"end":{"line":3,"column":43}},"3":{"start":{"line":4,"column":0},"end":{"line":4,"column":29}},"4":{"start":{"line":5,"column":0},"end":{"line":5,"column":43}},"5":{"start":{"line":8,"column":2},"end":{"line":16,"column":5}},"6":{"start":{"line":15,"column":32},"end":{"line":15,"column":44}},"7":{"start":{"line":7,"column":0},"end":{"line":7,"column":22}},"8":{"start":{"line":19,"column":13},"end":{"line":19,"column":49}}},"fnMap":{"0":{"name":"createApolloServer","decl":{"start":{"line":7,"column":22},"end":{"line":7,"column":40}},"loc":{"start":{"line":7,"column":40},"end":{"line":17,"column":null}}},"1":{"name":"(anonymous_10)","decl":{"start":{"line":15,"column":13},"end":{"line":15,"column":14}},"loc":{"start":{"line":15,"column":32},"end":{"line":15,"column":44}}}},"branchMap":{},"s":{"0":1,"1":1,"2":1,"3":1,"4":1,"5":1,"6":5,"7":1,"8":1},"f":{"0":1,"1":5},"b":{}}
,"/Users/kristofferpetersen/projects/exam-monorepo/server/src/entities.ts": {"path":"/Users/kristofferpetersen/projects/exam-monorepo/server/src/entities.ts","statementMap":{"0":{"start":{"line":1,"column":0},"end":{"line":1,"column":49}},"1":{"start":{"line":2,"column":0},"end":{"line":2,"column":null}},"2":{"start":{"line":16,"column":0},"end":{"line":43,"column":null}},"3":{"start":{"line":19,"column":2},"end":{"line":19,"column":null}},"4":{"start":{"line":23,"column":2},"end":{"line":23,"column":null}},"5":{"start":{"line":27,"column":2},"end":{"line":27,"column":null}},"6":{"start":{"line":35,"column":2},"end":{"line":35,"column":null}},"7":{"start":{"line":29,"column":15},"end":{"line":29,"column":25}},"8":{"start":{"line":31,"column":10},"end":{"line":31,"column":18}},"9":{"start":{"line":32,"column":16},"end":{"line":32,"column":32}},"10":{"start":{"line":42,"column":2},"end":{"line":42,"column":null}},"11":{"start":{"line":38,"column":10},"end":{"line":38,"column":15}},"12":{"start":{"line":39,"column":13},"end":{"line":39,"column":26}},"13":{"start":{"line":16,"column":13},"end":{"line":43,"column":null}},"14":{"start":{"line":16,"column":13},"end":{"line":16,"column":20}},"15":{"start":{"line":46,"column":0},"end":{"line":60,"column":null}},"16":{"start":{"line":48,"column":2},"end":{"line":48,"column":null}},"17":{"start":{"line":50,"column":2},"end":{"line":50,"column":null}},"18":{"start":{"line":52,"column":2},"end":{"line":52,"column":null}},"19":{"start":{"line":59,"column":2},"end":{"line":59,"column":null}},"20":{"start":{"line":55,"column":10},"end":{"line":55,"column":17}},"21":{"start":{"line":56,"column":15},"end":{"line":56,"column":29}},"22":{"start":{"line":46,"column":13},"end":{"line":60,"column":null}},"23":{"start":{"line":46,"column":13},"end":{"line":46,"column":18}},"24":{"start":{"line":64,"column":0},"end":{"line":75,"column":null}},"25":{"start":{"line":67,"column":2},"end":{"line":67,"column":null}},"26":{"start":{"line":74,"column":2},"end":{"line":74,"column":null}},"27":{"start":{"line":68,"column":15},"end":{"line":68,"column":22}},"28":{"start":{"line":70,"column":10},"end":{"line":70,"column":17}},"29":{"start":{"line":71,"column":15},"end":{"line":71,"column":32}},"30":{"start":{"line":64,"column":13},"end":{"line":75,"column":null}},"31":{"start":{"line":64,"column":13},"end":{"line":64,"column":21}}},"fnMap":{"0":{"name":"(anonymous_2)","decl":{"start":{"line":29,"column":9},"end":{"line":29,"column":12}},"loc":{"start":{"line":29,"column":15},"end":{"line":29,"column":25}}},"1":{"name":"(anonymous_3)","decl":{"start":{"line":31,"column":4},"end":{"line":31,"column":7}},"loc":{"start":{"line":31,"column":10},"end":{"line":31,"column":18}}},"2":{"name":"(anonymous_4)","decl":{"start":{"line":32,"column":4},"end":{"line":32,"column":12}},"loc":{"start":{"line":32,"column":16},"end":{"line":32,"column":32}}},"3":{"name":"(anonymous_5)","decl":{"start":{"line":38,"column":4},"end":{"line":38,"column":7}},"loc":{"start":{"line":38,"column":10},"end":{"line":38,"column":15}}},"4":{"name":"(anonymous_6)","decl":{"start":{"line":39,"column":4},"end":{"line":39,"column":9}},"loc":{"start":{"line":39,"column":13},"end":{"line":39,"column":26}}},"5":{"name":"(anonymous_7)","decl":{"start":{"line":55,"column":4},"end":{"line":55,"column":7}},"loc":{"start":{"line":55,"column":10},"end":{"line":55,"column":17}}},"6":{"name":"(anonymous_8)","decl":{"start":{"line":56,"column":4},"end":{"line":56,"column":11}},"loc":{"start":{"line":56,"column":15},"end":{"line":56,"column":29}}},"7":{"name":"(anonymous_9)","decl":{"start":{"line":68,"column":9},"end":{"line":68,"column":12}},"loc":{"start":{"line":68,"column":15},"end":{"line":68,"column":22}}},"8":{"name":"(anonymous_10)","decl":{"start":{"line":70,"column":4},"end":{"line":70,"column":7}},"loc":{"start":{"line":70,"column":10},"end":{"line":70,"column":17}}},"9":{"name":"(anonymous_11)","decl":{"start":{"line":71,"column":4},"end":{"line":71,"column":11}},"loc":{"start":{"line":71,"column":15},"end":{"line":71,"column":32}}}},"branchMap":{},"s":{"0":1,"1":1,"2":1,"3":1,"4":1,"5":1,"6":1,"7":1,"8":8,"9":8,"10":1,"11":8,"12":8,"13":1,"14":1,"15":1,"16":1,"17":1,"18":1,"19":1,"20":8,"21":8,"22":1,"23":1,"24":1,"25":1,"26":1,"27":1,"28":8,"29":8,"30":1,"31":1},"f":{"0":1,"1":8,"2":8,"3":8,"4":8,"5":8,"6":8,"7":1,"8":8,"9":8},"b":{}}
,"/Users/kristofferpetersen/projects/exam-monorepo/server/src/resolvers.ts": {"path":"/Users/kristofferpetersen/projects/exam-monorepo/server/src/resolvers.ts","statementMap":{"0":{"start":{"line":1,"column":0},"end":{"line":1,"column":67}},"1":{"start":{"line":2,"column":0},"end":{"line":2,"column":40}},"2":{"start":{"line":3,"column":0},"end":{"line":3,"column":47}},"3":{"start":{"line":6,"column":0},"end":{"line":44,"column":null}},"4":{"start":{"line":9,"column":4},"end":{"line":9,"column":42}},"5":{"start":{"line":13,"column":4},"end":{"line":13,"column":41}},"6":{"start":{"line":18,"column":4},"end":{"line":18,"column":47}},"7":{"start":{"line":23,"column":22},"end":{"line":23,"column":44}},"8":{"start":{"line":24,"column":18},"end":{"line":24,"column":60}},"9":{"start":{"line":25,"column":29},"end":{"line":25,"column":52}},"10":{"start":{"line":26,"column":19},"end":{"line":26,"column":57}},"11":{"start":{"line":27,"column":4},"end":{"line":27,"column":45}},"12":{"start":{"line":36,"column":22},"end":{"line":36,"column":44}},"13":{"start":{"line":37,"column":18},"end":{"line":41,"column":6}},"14":{"start":{"line":42,"column":4},"end":{"line":42,"column":43}},"15":{"start":{"line":8,"column":2},"end":{"line":10,"column":null}},"16":{"start":{"line":7,"column":15},"end":{"line":7,"column":25}},"17":{"start":{"line":12,"column":2},"end":{"line":14,"column":null}},"18":{"start":{"line":11,"column":15},"end":{"line":11,"column":24}},"19":{"start":{"line":17,"column":2},"end":{"line":19,"column":null}},"20":{"start":{"line":16,"column":15},"end":{"line":16,"column":23}},"21":{"start":{"line":22,"column":2},"end":{"line":28,"column":null}},"22":{"start":{"line":21,"column":18},"end":{"line":21,"column":26}},"23":{"start":{"line":31,"column":2},"end":{"line":43,"column":null}},"24":{"start":{"line":30,"column":18},"end":{"line":30,"column":25}},"25":{"start":{"line":34,"column":24},"end":{"line":34,"column":27}},"26":{"start":{"line":6,"column":13},"end":{"line":44,"column":null}},"27":{"start":{"line":6,"column":13},"end":{"line":6,"column":25}}},"fnMap":{"0":{"name":"(anonymous_11)","decl":{"start":{"line":8,"column":2},"end":{"line":8,"column":11}},"loc":{"start":{"line":8,"column":11},"end":{"line":10,"column":3}}},"1":{"name":"(anonymous_12)","decl":{"start":{"line":12,"column":2},"end":{"line":12,"column":10}},"loc":{"start":{"line":12,"column":10},"end":{"line":14,"column":3}}},"2":{"name":"(anonymous_13)","decl":{"start":{"line":17,"column":2},"end":{"line":17,"column":10}},"loc":{"start":{"line":17,"column":32},"end":{"line":19,"column":3}}},"3":{"name":"(anonymous_14)","decl":{"start":{"line":22,"column":8},"end":{"line":22,"column":20}},"loc":{"start":{"line":22,"column":56},"end":{"line":28,"column":null}}},"4":{"name":"(anonymous_16)","decl":{"start":{"line":31,"column":8},"end":{"line":31,"column":21}},"loc":{"start":{"line":34,"column":42},"end":{"line":43,"column":null}}},"5":{"name":"(anonymous_18)","decl":{"start":{"line":7,"column":9},"end":{"line":7,"column":12}},"loc":{"start":{"line":7,"column":15},"end":{"line":7,"column":25}}},"6":{"name":"(anonymous_19)","decl":{"start":{"line":11,"column":9},"end":{"line":11,"column":12}},"loc":{"start":{"line":11,"column":15},"end":{"line":11,"column":24}}},"7":{"name":"(anonymous_20)","decl":{"start":{"line":16,"column":9},"end":{"line":16,"column":12}},"loc":{"start":{"line":16,"column":15},"end":{"line":16,"column":23}}},"8":{"name":"(anonymous_21)","decl":{"start":{"line":21,"column":12},"end":{"line":21,"column":15}},"loc":{"start":{"line":21,"column":18},"end":{"line":21,"column":26}}},"9":{"name":"(anonymous_22)","decl":{"start":{"line":30,"column":12},"end":{"line":30,"column":15}},"loc":{"start":{"line":30,"column":18},"end":{"line":30,"column":25}}},"10":{"name":"(anonymous_23)","decl":{"start":{"line":34,"column":18},"end":{"line":34,"column":21}},"loc":{"start":{"line":34,"column":24},"end":{"line":34,"column":27}}}},"branchMap":{},"s":{"0":1,"1":1,"2":1,"3":1,"4":1,"5":1,"6":1,"7":2,"8":2,"9":2,"10":2,"11":2,"12":1,"13":1,"14":1,"15":1,"16":1,"17":1,"18":1,"19":1,"20":1,"21":1,"22":1,"23":1,"24":1,"25":2,"26":1,"27":1},"f":{"0":1,"1":1,"2":1,"3":2,"4":1,"5":1,"6":1,"7":1,"8":1,"9":1,"10":2},"b":{}}
}
