TN:
SF:/Users/kristofferpetersen/projects/exam-monorepo/server/src/createApolloServer.ts
FN:7,createApolloServer
FN:15,(anonymous_10)
FNF:2
FNH:2
FNDA:1,createApolloServer
FNDA:5,(anonymous_10)
DA:1,1
DA:2,1
DA:3,1
DA:4,1
DA:5,1
DA:7,1
DA:8,1
DA:15,5
DA:19,1
LF:9
LH:9
BRF:0
BRH:0
end_of_record
TN:
SF:/Users/kristofferpetersen/projects/exam-monorepo/server/src/entities.ts
FN:29,(anonymous_2)
FN:31,(anonymous_3)
FN:32,(anonymous_4)
FN:38,(anonymous_5)
FN:39,(anonymous_6)
FN:55,(anonymous_7)
FN:56,(anonymous_8)
FN:68,(anonymous_9)
FN:70,(anonymous_10)
FN:71,(anonymous_11)
FNF:10
FNH:10
FNDA:1,(anonymous_2)
FNDA:8,(anonymous_3)
FNDA:8,(anonymous_4)
FNDA:8,(anonymous_5)
FNDA:8,(anonymous_6)
FNDA:8,(anonymous_7)
FNDA:8,(anonymous_8)
FNDA:1,(anonymous_9)
FNDA:8,(anonymous_10)
FNDA:8,(anonymous_11)
DA:1,1
DA:2,1
DA:16,1
DA:19,1
DA:23,1
DA:27,1
DA:29,1
DA:31,8
DA:32,8
DA:35,1
DA:38,8
DA:39,8
DA:42,1
DA:46,1
DA:48,1
DA:50,1
DA:52,1
DA:55,8
DA:56,8
DA:59,1
DA:64,1
DA:67,1
DA:68,1
DA:70,8
DA:71,8
DA:74,1
LF:26
LH:26
BRF:0
BRH:0
end_of_record
TN:
SF:/Users/kristofferpetersen/projects/exam-monorepo/server/src/resolvers.ts
FN:8,(anonymous_11)
FN:12,(anonymous_12)
FN:17,(anonymous_13)
FN:22,(anonymous_14)
FN:31,(anonymous_16)
FN:7,(anonymous_18)
FN:11,(anonymous_19)
FN:16,(anonymous_20)
FN:21,(anonymous_21)
FN:30,(anonymous_22)
FN:34,(anonymous_23)
FNF:11
FNH:11
FNDA:1,(anonymous_11)
FNDA:1,(anonymous_12)
FNDA:1,(anonymous_13)
FNDA:2,(anonymous_14)
FNDA:1,(anonymous_16)
FNDA:1,(anonymous_18)
FNDA:1,(anonymous_19)
FNDA:1,(anonymous_20)
FNDA:1,(anonymous_21)
FNDA:1,(anonymous_22)
FNDA:2,(anonymous_23)
DA:1,1
DA:2,1
DA:3,1
DA:6,1
DA:7,1
DA:8,1
DA:9,1
DA:11,1
DA:12,1
DA:13,1
DA:16,1
DA:17,1
DA:18,1
DA:21,1
DA:22,1
DA:23,2
DA:24,2
DA:25,2
DA:26,2
DA:27,2
DA:30,1
DA:31,1
DA:34,2
DA:36,1
DA:37,1
DA:42,1
LF:26
LH:26
BRF:0
BRH:0
end_of_record
